<?xml version="1.0" encoding="UTF-8"?>
<testsuite xmlns:xsi="http://www.w3.org/2001/XMLSchema-instance" xsi:noNamespaceSchemaLocation="https://maven.apache.org/surefire/maven-surefire-plugin/xsd/surefire-test-report-3.0.xsd" version="3.0" name="org.example.MainATest" time="0.16" tests="1" errors="0" skipped="0" failures="0">
  <properties>
[...]
</properties>
  <testcase name="A_TEST_01" classname="org.example.MainATest" time="0.119">
    <system-out><![CDATA[Initial AD:100
Initial EV:17
P1 Current Hand: {  (0: F5)  (1: F5)  (2: F15)  (3: F15)  (4: D5)  (5: H10)  (6: H10)  (7: S10)  (8: S10)  (9: B15)  (10: B15)  (11: L20)  }
P2 Current Hand: {  (0: F5)  (1: F5)  (2: F15)  (3: F15)  (4: F40)  (5: D5)  (6: H10)  (7: H10)  (8: S10)  (9: B15)  (10: B15)  (11: E30)  }
P3 Current Hand: {  (0: F5)  (1: F5)  (2: F5)  (3: F15)  (4: D5)  (5: H10)  (6: H10)  (7: S10)  (8: S10)  (9: S10)  (10: B15)  (11: L20)  }
P4 Current Hand: {  (0: F5)  (1: F15)  (2: F15)  (3: F40)  (4: D5)  (5: D5)  (6: H10)  (7: H10)  (8: S10)  (9: B15)  (10: L20)  (11: E30)  }
The next Event Card: Q4
P1 drew a Q4 Card
P1 Do you wish to sponsor this quest
P1 is not sponsoring the quest
P2 Do you wish to sponsor this quest
P2 is sponsoring the quest
P2
P2 Current Hand: {  (0: F5)  (1: F5)  (2: F15)  (3: F15)  (4: F40)  (5: D5)  (6: H10)  (7: H10)  (8: S10)  (9: B15)  (10: B15)  (11: E30)  }
F5
P2
P2 Current Hand: {  (0: F5)  (1: F5)  (2: F15)  (3: F15)  (4: F40)  (5: D5)  (6: H10)  (7: H10)  (8: S10)  (9: B15)  (10: B15)  (11: E30)  }
H10
P2
P2 Current Hand: {  (0: F5)  (1: F5)  (2: F15)  (3: F15)  (4: F40)  (5: D5)  (6: H10)  (7: H10)  (8: S10)  (9: B15)  (10: B15)  (11: E30)  }
F15
P2
P2 Current Hand: {  (0: F5)  (1: F5)  (2: F15)  (3: F15)  (4: F40)  (5: D5)  (6: H10)  (7: H10)  (8: S10)  (9: B15)  (10: B15)  (11: E30)  }
S10
P2
P2 Current Hand: {  (0: F5)  (1: F5)  (2: F15)  (3: F15)  (4: F40)  (5: D5)  (6: H10)  (7: H10)  (8: S10)  (9: B15)  (10: B15)  (11: E30)  }
F15
P2
P2 Current Hand: {  (0: F5)  (1: F5)  (2: F15)  (3: F15)  (4: F40)  (5: D5)  (6: H10)  (7: H10)  (8: S10)  (9: B15)  (10: B15)  (11: E30)  }
D5
P2
P2 Current Hand: {  (0: F5)  (1: F5)  (2: F15)  (3: F15)  (4: F40)  (5: D5)  (6: H10)  (7: H10)  (8: S10)  (9: B15)  (10: B15)  (11: E30)  }
B15
P2
P2 Current Hand: {  (0: F5)  (1: F5)  (2: F15)  (3: F15)  (4: F40)  (5: D5)  (6: H10)  (7: H10)  (8: S10)  (9: B15)  (10: B15)  (11: E30)  }
F40
P2
P2 Current Hand: {  (0: F5)  (1: F5)  (2: F15)  (3: F15)  (4: F40)  (5: D5)  (6: H10)  (7: H10)  (8: S10)  (9: B15)  (10: B15)  (11: E30)  }
B15
Quest: { Stage 1: { F5 H10  } Stage 2: { F15 S10  } Stage 3: { F15 D5 B15  } Stage 4: { F40 B15  }  }
P1 Drew F30
P3 Drew S10
P4 Drew B15
P1
P1 Current Hand: {  (0: F5)  (1: F15)  (2: F15)  (3: F30)  (4: D5)  (5: H10)  (6: H10)  (7: S10)  (8: S10)  (9: B15)  (10: B15)  (11: L20)  }
D5
P1
P1 Current Hand: {  (0: F5)  (1: F15)  (2: F15)  (3: F30)  (4: D5)  (5: H10)  (6: H10)  (7: S10)  (8: S10)  (9: B15)  (10: B15)  (11: L20)  }
S10
P3
P3 Current Hand: {  (0: F5)  (1: F5)  (2: F15)  (3: D5)  (4: H10)  (5: H10)  (6: S10)  (7: S10)  (8: S10)  (9: S10)  (10: B15)  (11: L20)  }
S10
P3
P3 Current Hand: {  (0: F5)  (1: F5)  (2: F15)  (3: D5)  (4: H10)  (5: H10)  (6: S10)  (7: S10)  (8: S10)  (9: S10)  (10: B15)  (11: L20)  }
D5
P4
P4 Current Hand: {  (0: F15)  (1: F15)  (2: F40)  (3: D5)  (4: D5)  (5: H10)  (6: H10)  (7: S10)  (8: B15)  (9: B15)  (10: L20)  (11: E30)  }
D5
P4
P4 Current Hand: {  (0: F15)  (1: F15)  (2: F40)  (3: D5)  (4: D5)  (5: H10)  (6: H10)  (7: S10)  (8: B15)  (9: B15)  (10: L20)  (11: E30)  }
H10
P1 won and is eligible to further participate in this quest
P3 won and is eligible to further participate in this quest
P4 won and is eligible to further participate in this quest
P1 Drew F10
P3 Drew L20
P4 Drew L20
P1
P1 Current Hand: {  (0: F5)  (1: F10)  (2: F15)  (3: F15)  (4: F30)  (5: H10)  (6: H10)  (7: S10)  (8: B15)  (9: B15)  (10: L20)  }
H10
P1
P1 Current Hand: {  (0: F5)  (1: F10)  (2: F15)  (3: F15)  (4: F30)  (5: H10)  (6: H10)  (7: S10)  (8: B15)  (9: B15)  (10: L20)  }
S10
P3
P3 Current Hand: {  (0: F5)  (1: F5)  (2: F15)  (3: H10)  (4: H10)  (5: S10)  (6: S10)  (7: S10)  (8: B15)  (9: L20)  (10: L20)  }
B15
P3
P3 Current Hand: {  (0: F5)  (1: F5)  (2: F15)  (3: H10)  (4: H10)  (5: S10)  (6: S10)  (7: S10)  (8: B15)  (9: L20)  (10: L20)  }
S10
P4
P4 Current Hand: {  (0: F15)  (1: F15)  (2: F40)  (3: D5)  (4: H10)  (5: S10)  (6: B15)  (7: B15)  (8: L20)  (9: L20)  (10: E30)  }
H10
P4
P4 Current Hand: {  (0: F15)  (1: F15)  (2: F40)  (3: D5)  (4: H10)  (5: S10)  (6: B15)  (7: B15)  (8: L20)  (9: L20)  (10: E30)  }
B15
P1 lost and is ineligible to further participate in this quest
P3 won and is eligible to further participate in this quest
P4 won and is eligible to further participate in this quest
P3 Drew B15
P4 Drew S10
P3
P3 Current Hand: {  (0: F5)  (1: F5)  (2: F15)  (3: H10)  (4: H10)  (5: S10)  (6: S10)  (7: B15)  (8: L20)  (9: L20)  }
L20
P3
P3 Current Hand: {  (0: F5)  (1: F5)  (2: F15)  (3: H10)  (4: H10)  (5: S10)  (6: S10)  (7: B15)  (8: L20)  (9: L20)  }
H10
P3
P3 Current Hand: {  (0: F5)  (1: F5)  (2: F15)  (3: H10)  (4: H10)  (5: S10)  (6: S10)  (7: B15)  (8: L20)  (9: L20)  }
S10
P4
P4 Current Hand: {  (0: F15)  (1: F15)  (2: F40)  (3: D5)  (4: S10)  (5: S10)  (6: B15)  (7: L20)  (8: L20)  (9: E30)  }
B15
P4
P4 Current Hand: {  (0: F15)  (1: F15)  (2: F40)  (3: D5)  (4: S10)  (5: S10)  (6: B15)  (7: L20)  (8: L20)  (9: E30)  }
S10
P4
P4 Current Hand: {  (0: F15)  (1: F15)  (2: F40)  (3: D5)  (4: S10)  (5: S10)  (6: B15)  (7: L20)  (8: L20)  (9: E30)  }
L20
P3 won and is eligible to further participate in this quest
P4 won and is eligible to further participate in this quest
P3 Drew F30
P4 Drew L20
P3
P3 Current Hand: {  (0: F5)  (1: F5)  (2: F15)  (3: F30)  (4: H10)  (5: S10)  (6: B15)  (7: L20)  }
B15
P3
P3 Current Hand: {  (0: F5)  (1: F5)  (2: F15)  (3: F30)  (4: H10)  (5: S10)  (6: B15)  (7: L20)  }
H10
P3
P3 Current Hand: {  (0: F5)  (1: F5)  (2: F15)  (3: F30)  (4: H10)  (5: S10)  (6: B15)  (7: L20)  }
L20
P4
P4 Current Hand: {  (0: F15)  (1: F15)  (2: F40)  (3: D5)  (4: S10)  (5: L20)  (6: L20)  (7: E30)  }
D5
P4
P4 Current Hand: {  (0: F15)  (1: F15)  (2: F40)  (3: D5)  (4: S10)  (5: L20)  (6: L20)  (7: E30)  }
S10
P4
P4 Current Hand: {  (0: F15)  (1: F15)  (2: F40)  (3: D5)  (4: S10)  (5: L20)  (6: L20)  (7: E30)  }
L20
P4
P4 Current Hand: {  (0: F15)  (1: F15)  (2: F40)  (3: D5)  (4: S10)  (5: L20)  (6: L20)  (7: E30)  }
E30
P3 lost and is ineligible to further participate in this quest
P4 won and is eligible to further participate in this quest
]]></system-out>
  </testcase>
</testsuite>